Building DAG of jobs...
File path '/scr1/users/leej39/Redding/assembly/S1
-contigs.fa' contains line break. This is likely unintended. It can also lead to inconsistent results of the file-matching approach used by Snakemake.
File path '/scr1/users/leej39/Redding/assembly/S2
-contigs.fa' contains line break. This is likely unintended. It can also lead to inconsistent results of the file-matching approach used by Snakemake.
File path '/scr1/users/leej39/Redding/assembly/S3
-contigs.fa' contains line break. This is likely unintended. It can also lead to inconsistent results of the file-matching approach used by Snakemake.
File path '/scr1/users/leej39/Redding/assembly/S4
-contigs.fa' contains line break. This is likely unintended. It can also lead to inconsistent results of the file-matching approach used by Snakemake.
File path '/scr1/users/leej39/Redding/assembly/S5
-contigs.fa' contains line break. This is likely unintended. It can also lead to inconsistent results of the file-matching approach used by Snakemake.
File path '/scr1/users/leej39/Redding/assembly/S6
-contigs.fa' contains line break. This is likely unintended. It can also lead to inconsistent results of the file-matching approach used by Snakemake.
File path '/scr1/users/leej39/Redding/assembly/S7
-contigs.fa' contains line break. This is likely unintended. It can also lead to inconsistent results of the file-matching approach used by Snakemake.
File path '/scr1/users/leej39/Redding/assembly/S8
-contigs.fa' contains line break. This is likely unintended. It can also lead to inconsistent results of the file-matching approach used by Snakemake.
File path '/scr1/users/leej39/Redding/assembly/S9
-contigs.fa' contains line break. This is likely unintended. It can also lead to inconsistent results of the file-matching approach used by Snakemake.
File path '/scr1/users/leej39/Redding/assembly/S10
-contigs.fa' contains line break. This is likely unintended. It can also lead to inconsistent results of the file-matching approach used by Snakemake.
File path '/scr1/users/leej39/Redding/assembly/S11
-contigs.fa' contains line break. This is likely unintended. It can also lead to inconsistent results of the file-matching approach used by Snakemake.
File path '/scr1/users/leej39/Redding/assembly/S12
-contigs.fa' contains line break. This is likely unintended. It can also lead to inconsistent results of the file-matching approach used by Snakemake.
File path '/scr1/users/leej39/Redding/assembly/S13
-contigs.fa' contains line break. This is likely unintended. It can also lead to inconsistent results of the file-matching approach used by Snakemake.
File path '/scr1/users/leej39/Redding/assembly/S14
-contigs.fa' contains line break. This is likely unintended. It can also lead to inconsistent results of the file-matching approach used by Snakemake.
File path '/scr1/users/leej39/Redding/assembly/S15
-contigs.fa' contains line break. This is likely unintended. It can also lead to inconsistent results of the file-matching approach used by Snakemake.
File path '/scr1/users/leej39/Redding/assembly/S16
-contigs.fa' contains line break. This is likely unintended. It can also lead to inconsistent results of the file-matching approach used by Snakemake.
File path '/scr1/users/leej39/Redding/assembly/S17
-contigs.fa' contains line break. This is likely unintended. It can also lead to inconsistent results of the file-matching approach used by Snakemake.
File path '/scr1/users/leej39/Redding/assembly/S18
-contigs.fa' contains line break. This is likely unintended. It can also lead to inconsistent results of the file-matching approach used by Snakemake.
File path '/scr1/users/leej39/Redding/assembly/S19
-contigs.fa' contains line break. This is likely unintended. It can also lead to inconsistent results of the file-matching approach used by Snakemake.
File path '/scr1/users/leej39/Redding/assembly/S20
-contigs.fa' contains line break. This is likely unintended. It can also lead to inconsistent results of the file-matching approach used by Snakemake.
File path '/scr1/users/leej39/Redding/assembly/S21
-contigs.fa' contains line break. This is likely unintended. It can also lead to inconsistent results of the file-matching approach used by Snakemake.
File path '/scr1/users/leej39/Redding/assembly/S22
-contigs.fa' contains line break. This is likely unintended. It can also lead to inconsistent results of the file-matching approach used by Snakemake.
File path '/scr1/users/leej39/Redding/assembly/S23
-contigs.fa' contains line break. This is likely unintended. It can also lead to inconsistent results of the file-matching approach used by Snakemake.
File path '/scr1/users/leej39/Redding/assembly/S24
-contigs.fa' contains line break. This is likely unintended. It can also lead to inconsistent results of the file-matching approach used by Snakemake.
File path '/scr1/users/leej39/Redding/assembly/S25
-contigs.fa' contains line break. This is likely unintended. It can also lead to inconsistent results of the file-matching approach used by Snakemake.
File path '/scr1/users/leej39/Redding/assembly/S26
-contigs.fa' contains line break. This is likely unintended. It can also lead to inconsistent results of the file-matching approach used by Snakemake.
File path '/scr1/users/leej39/Redding/assembly/S27
-contigs.fa' contains line break. This is likely unintended. It can also lead to inconsistent results of the file-matching approach used by Snakemake.
File path '/scr1/users/leej39/Redding/assembly/S28
-contigs.fa' contains line break. This is likely unintended. It can also lead to inconsistent results of the file-matching approach used by Snakemake.
File path '/scr1/users/leej39/Redding/assembly/S29
-contigs.fa' contains line break. This is likely unintended. It can also lead to inconsistent results of the file-matching approach used by Snakemake.
File path '/scr1/users/leej39/Redding/assembly/S30
-contigs.fa' contains line break. This is likely unintended. It can also lead to inconsistent results of the file-matching approach used by Snakemake.
File path '/scr1/users/leej39/Redding/assembly/S31
-contigs.fa' contains line break. This is likely unintended. It can also lead to inconsistent results of the file-matching approach used by Snakemake.
File path '/scr1/users/leej39/Redding/assembly/S32
-contigs.fa' contains line break. This is likely unintended. It can also lead to inconsistent results of the file-matching approach used by Snakemake.
File path '/scr1/users/leej39/Redding/assembly/S33
-contigs.fa' contains line break. This is likely unintended. It can also lead to inconsistent results of the file-matching approach used by Snakemake.
File path '/scr1/users/leej39/Redding/assembly/S34
-contigs.fa' contains line break. This is likely unintended. It can also lead to inconsistent results of the file-matching approach used by Snakemake.
File path '/scr1/users/leej39/Redding/assembly/S35
-contigs.fa' contains line break. This is likely unintended. It can also lead to inconsistent results of the file-matching approach used by Snakemake.
File path '/scr1/users/leej39/Redding/assembly/S36
-contigs.fa' contains line break. This is likely unintended. It can also lead to inconsistent results of the file-matching approach used by Snakemake.
File path '/scr1/users/leej39/Redding/assembly/S37
-contigs.fa' contains line break. This is likely unintended. It can also lead to inconsistent results of the file-matching approach used by Snakemake.
File path '/scr1/users/leej39/Redding/assembly/S38
-contigs.fa' contains line break. This is likely unintended. It can also lead to inconsistent results of the file-matching approach used by Snakemake.
File path '/scr1/users/leej39/Redding/assembly/S39
-contigs.fa' contains line break. This is likely unintended. It can also lead to inconsistent results of the file-matching approach used by Snakemake.
File path '/scr1/users/leej39/Redding/assembly/S40
-contigs.fa' contains line break. This is likely unintended. It can also lead to inconsistent results of the file-matching approach used by Snakemake.
File path '/scr1/users/leej39/Redding/assembly/S41
-contigs.fa' contains line break. This is likely unintended. It can also lead to inconsistent results of the file-matching approach used by Snakemake.
File path '/scr1/users/leej39/Redding/assembly/S42
-contigs.fa' contains line break. This is likely unintended. It can also lead to inconsistent results of the file-matching approach used by Snakemake.
File path '/scr1/users/leej39/Redding/assembly/S43
-contigs.fa' contains line break. This is likely unintended. It can also lead to inconsistent results of the file-matching approach used by Snakemake.
File path '/scr1/users/leej39/Redding/assembly/S44
-contigs.fa' contains line break. This is likely unintended. It can also lead to inconsistent results of the file-matching approach used by Snakemake.
File path '/scr1/users/leej39/Redding/assembly/S45
-contigs.fa' contains line break. This is likely unintended. It can also lead to inconsistent results of the file-matching approach used by Snakemake.
File path '/scr1/users/leej39/Redding/assembly/S46
-contigs.fa' contains line break. This is likely unintended. It can also lead to inconsistent results of the file-matching approach used by Snakemake.
File path '/scr1/users/leej39/Redding/assembly/S47
-contigs.fa' contains line break. This is likely unintended. It can also lead to inconsistent results of the file-matching approach used by Snakemake.
File path '/scr1/users/leej39/Redding/assembly/S48
-contigs.fa' contains line break. This is likely unintended. It can also lead to inconsistent results of the file-matching approach used by Snakemake.
MissingInputException in line 18 of /scr1/users/leej39/Redding/Snakefile:
Missing input files for rule all:
/scr1/users/leej39/Redding/assembly/S14
-contigs.fa
/scr1/users/leej39/Redding/assembly/S31
-contigs.fa
/scr1/users/leej39/Redding/assembly/S26
-contigs.fa
/scr1/users/leej39/Redding/assembly/S44
-contigs.fa
/scr1/users/leej39/Redding/assembly/S6
-contigs.fa
/scr1/users/leej39/Redding/assembly/S39
-contigs.fa
/scr1/users/leej39/Redding/assembly/S20
-contigs.fa
/scr1/users/leej39/Redding/assembly/S19
-contigs.fa
/scr1/users/leej39/Redding/assembly/S24
-contigs.fa
/scr1/users/leej39/Redding/assembly/S30
-contigs.fa
/scr1/users/leej39/Redding/assembly/S18
-contigs.fa
/scr1/users/leej39/Redding/assembly/S45
-contigs.fa
/scr1/users/leej39/Redding/assembly/S37
-contigs.fa
/scr1/users/leej39/Redding/assembly/S22
-contigs.fa
/scr1/users/leej39/Redding/assembly/S5
-contigs.fa
/scr1/users/leej39/Redding/assembly/S36
-contigs.fa
/scr1/users/leej39/Redding/assembly/S7
-contigs.fa
/scr1/users/leej39/Redding/assembly/S8
-contigs.fa
/scr1/users/leej39/Redding/assembly/S38
-contigs.fa
/scr1/users/leej39/Redding/assembly/S40
-contigs.fa
/scr1/users/leej39/Redding/assembly/S23
-contigs.fa
/scr1/users/leej39/Redding/assembly/S35
-contigs.fa
/scr1/users/leej39/Redding/assembly/S21
-contigs.fa
/scr1/users/leej39/Redding/assembly/S28
-contigs.fa
/scr1/users/leej39/Redding/assembly/S33
-contigs.fa
/scr1/users/leej39/Redding/assembly/S43
-contigs.fa
/scr1/users/leej39/Redding/assembly/S42
-contigs.fa
/scr1/users/leej39/Redding/assembly/S4
-contigs.fa
/scr1/users/leej39/Redding/assembly/S15
-contigs.fa
/scr1/users/leej39/Redding/assembly/S25
-contigs.fa
/scr1/users/leej39/Redding/assembly/S1
-contigs.fa
/scr1/users/leej39/Redding/assembly/S10
-contigs.fa
/scr1/users/leej39/Redding/assembly/S17
-contigs.fa
/scr1/users/leej39/Redding/assembly/S11
-contigs.fa
/scr1/users/leej39/Redding/assembly/S46
-contigs.fa
/scr1/users/leej39/Redding/assembly/S27
-contigs.fa
/scr1/users/leej39/Redding/assembly/S3
-contigs.fa
/scr1/users/leej39/Redding/assembly/S12
-contigs.fa
/scr1/users/leej39/Redding/assembly/S2
-contigs.fa
/scr1/users/leej39/Redding/assembly/S13
-contigs.fa
/scr1/users/leej39/Redding/assembly/S16
-contigs.fa
/scr1/users/leej39/Redding/assembly/S29
-contigs.fa
/scr1/users/leej39/Redding/assembly/S34
-contigs.fa
/scr1/users/leej39/Redding/assembly/S47
-contigs.fa
/scr1/users/leej39/Redding/assembly/S41
-contigs.fa
/scr1/users/leej39/Redding/assembly/S48
-contigs.fa
/scr1/users/leej39/Redding/assembly/S9
-contigs.fa
/scr1/users/leej39/Redding/assembly/S32
-contigs.fa
